2020-04-04 23:04:13,293    9356     INFO test_runner.py(154) - 预计并发线程数：6
2020-04-04 23:04:13,294    2836     INFO result.py(65) - 开始测试： test_01 (T000.Test)
2020-04-04 23:04:20,644    2836     INFO result.py(149) - 测试执行通过： test_01 (T000.Test)
2020-04-04 23:04:20,644    2836     INFO result.py(86) - 测试结束： test_01 (T000.Test)
2020-04-04 23:04:20,644    2836     INFO result.py(88) - 耗时： 7.3495471477508545
2020-04-04 23:04:20,644    2836     INFO result.py(65) - 开始测试： test_02 (T000.Test)
2020-04-04 23:04:29,672    2836     INFO result.py(149) - 测试执行通过： test_02 (T000.Test)
2020-04-04 23:04:29,709    2836     INFO result.py(86) - 测试结束： test_02 (T000.Test)
2020-04-04 23:04:29,710    2836     INFO result.py(88) - 耗时： 9.064617395401001
2020-04-04 23:04:29,710    2836     INFO result.py(65) - 开始测试： test_03 (T000.Test)
2020-04-04 23:04:36,987    2836     INFO result.py(149) - 测试执行通过： test_03 (T000.Test)
2020-04-04 23:04:36,988    2836     INFO result.py(86) - 测试结束： test_03 (T000.Test)
2020-04-04 23:04:36,988    2836     INFO result.py(88) - 耗时： 7.277360916137695
2020-04-04 23:04:36,988    2836     INFO result.py(65) - 开始测试： test_04 (T000.Test)
2020-04-04 23:04:44,200    2836     INFO result.py(149) - 测试执行通过： test_04 (T000.Test)
2020-04-04 23:04:44,201    2836     INFO result.py(86) - 测试结束： test_04 (T000.Test)
2020-04-04 23:04:44,201    2836     INFO result.py(88) - 耗时： 7.21318507194519
2020-04-04 23:04:44,202    2836     INFO result.py(65) - 开始测试： test_05 (T000.Test)
2020-04-04 23:04:51,802    2836     INFO result.py(149) - 测试执行通过： test_05 (T000.Test)
2020-04-04 23:04:51,803    2836     INFO result.py(86) - 测试结束： test_05 (T000.Test)
2020-04-04 23:04:51,803    2836     INFO result.py(88) - 耗时： 7.600714683532715
2020-04-04 23:04:51,804    2836     INFO result.py(65) - 开始测试： test_06 (T000.Test)
2020-04-04 23:04:59,407    2836     INFO result.py(149) - 测试执行通过： test_06 (T000.Test)
2020-04-04 23:04:59,407    2836     INFO result.py(86) - 测试结束： test_06 (T000.Test)
2020-04-04 23:04:59,407    2836     INFO result.py(88) - 耗时： 7.603722095489502
2020-04-04 23:04:59,408    9356     INFO test_runner.py(191) - 
Pass	test_01 (T000.Test)
Pass	test_02 (T000.Test)
Pass	test_03 (T000.Test)
Pass	test_04 (T000.Test)
Pass	test_05 (T000.Test)
Pass	test_06 (T000.Test)

2020-04-04 23:04:59,409    9356     INFO test_runner.py(211) - 
测试结束！
运行时间: 0:00:46.283109
共计执行用例数量：6
执行成功用例数量：6
执行失败用例数量：0
跳过执行用例数量：0
产生异常用例数量：0

