2020-04-05 20:12:02,969     820     INFO test_runner.py(154) - 预计并发线程数：6
2020-04-05 20:12:02,970    8944     INFO result.py(65) - 开始测试： test_01 (T000.Test)
2020-04-05 20:12:02,971   12584     INFO result.py(65) - 开始测试： test_01 (T0000.Test)
2020-04-05 20:12:11,361    8944     INFO result.py(149) - 测试执行通过： test_01 (T000.Test)
2020-04-05 20:12:11,362    8944     INFO result.py(86) - 测试结束： test_01 (T000.Test)
2020-04-05 20:12:11,362    8944     INFO result.py(88) - 耗时： 8.39081621170044
2020-04-05 20:12:11,362    8944     INFO result.py(65) - 开始测试： test_02 (T000.Test)
2020-04-05 20:12:12,331   12584     INFO result.py(149) - 测试执行通过： test_01 (T0000.Test)
2020-04-05 20:12:12,331   12584     INFO result.py(86) - 测试结束： test_01 (T0000.Test)
2020-04-05 20:12:12,332   12584     INFO result.py(88) - 耗时： 9.352874040603638
2020-04-05 20:12:12,332   12584     INFO result.py(65) - 开始测试： test_02 (T0000.Test)
2020-04-05 20:12:18,618    8944     INFO result.py(149) - 测试执行通过： test_02 (T000.Test)
2020-04-05 20:12:18,618    8944     INFO result.py(86) - 测试结束： test_02 (T000.Test)
2020-04-05 20:12:18,619    8944     INFO result.py(88) - 耗时： 7.256298065185547
2020-04-05 20:12:18,619    8944     INFO result.py(65) - 开始测试： test_03 (T000.Test)
2020-04-05 20:12:19,575   12584     INFO result.py(149) - 测试执行通过： test_02 (T0000.Test)
2020-04-05 20:12:19,575   12584     INFO result.py(86) - 测试结束： test_02 (T0000.Test)
2020-04-05 20:12:19,576   12584     INFO result.py(88) - 耗时： 7.243765115737915
2020-04-05 20:12:19,576   12584     INFO result.py(65) - 开始测试： test_03 (T0000.Test)
2020-04-05 20:12:25,924    8944     INFO result.py(149) - 测试执行通过： test_03 (T000.Test)
2020-04-05 20:12:25,925    8944     INFO result.py(86) - 测试结束： test_03 (T000.Test)
2020-04-05 20:12:25,925    8944     INFO result.py(88) - 耗时： 7.3059375286102295
2020-04-05 20:12:25,925    8944     INFO result.py(65) - 开始测试： test_04 (T000.Test)
2020-04-05 20:12:27,926   12584     INFO result.py(149) - 测试执行通过： test_03 (T0000.Test)
2020-04-05 20:12:27,926   12584     INFO result.py(86) - 测试结束： test_03 (T0000.Test)
2020-04-05 20:12:27,926   12584     INFO result.py(88) - 耗时： 8.349712371826172
2020-04-05 20:12:27,926   12584     INFO result.py(65) - 开始测试： test_04 (T0000.Test)
2020-04-05 20:12:36,202    8944     INFO result.py(149) - 测试执行通过： test_04 (T000.Test)
2020-04-05 20:12:36,202    8944     INFO result.py(86) - 测试结束： test_04 (T000.Test)
2020-04-05 20:12:36,203    8944     INFO result.py(88) - 耗时： 10.276832342147827
2020-04-05 20:12:36,203    8944     INFO result.py(65) - 开始测试： test_05 (T000.Test)
2020-04-05 20:12:36,280   12584     INFO result.py(149) - 测试执行通过： test_04 (T0000.Test)
2020-04-05 20:12:36,280   12584     INFO result.py(86) - 测试结束： test_04 (T0000.Test)
2020-04-05 20:12:36,281   12584     INFO result.py(88) - 耗时： 8.354219436645508
2020-04-05 20:12:36,281   12584     INFO result.py(65) - 开始测试： test_05 (T0000.Test)
2020-04-05 20:12:44,848   12584     INFO result.py(149) - 测试执行通过： test_05 (T0000.Test)
2020-04-05 20:12:44,849   12584     INFO result.py(86) - 测试结束： test_05 (T0000.Test)
2020-04-05 20:12:44,849   12584     INFO result.py(88) - 耗时： 8.567786931991577
2020-04-05 20:12:44,849   12584     INFO result.py(65) - 开始测试： test_06 (T0000.Test)
2020-04-05 20:12:44,896    8944     INFO result.py(149) - 测试执行通过： test_05 (T000.Test)
2020-04-05 20:12:44,896    8944     INFO result.py(86) - 测试结束： test_05 (T000.Test)
2020-04-05 20:12:44,897    8944     INFO result.py(88) - 耗时： 8.693621397018433
2020-04-05 20:12:44,897    8944     INFO result.py(65) - 开始测试： test_06 (T000.Test)
2020-04-05 20:12:52,878   12584     INFO result.py(149) - 测试执行通过： test_06 (T0000.Test)
2020-04-05 20:12:52,878   12584     INFO result.py(86) - 测试结束： test_06 (T0000.Test)
2020-04-05 20:12:52,878   12584     INFO result.py(88) - 耗时： 8.029855728149414
2020-04-05 20:12:52,914    8944     INFO result.py(149) - 测试执行通过： test_06 (T000.Test)
2020-04-05 20:12:52,914    8944     INFO result.py(86) - 测试结束： test_06 (T000.Test)
2020-04-05 20:12:52,914    8944     INFO result.py(88) - 耗时： 8.016820907592773
2020-04-05 20:12:52,914     820     INFO test_runner.py(191) - 
Pass	test_01 (T000.Test)
Pass	test_01 (T0000.Test)
Pass	test_02 (T000.Test)
Pass	test_02 (T0000.Test)
Pass	test_03 (T000.Test)
Pass	test_03 (T0000.Test)
Pass	test_04 (T000.Test)
Pass	test_04 (T0000.Test)
Pass	test_05 (T0000.Test)
Pass	test_05 (T000.Test)
Pass	test_06 (T0000.Test)
Pass	test_06 (T000.Test)

2020-04-05 20:12:52,916     820     INFO test_runner.py(211) - 
测试结束！
运行时间: 0:00:50.229094
共计执行用例数量：12
执行成功用例数量：12
执行失败用例数量：0
跳过执行用例数量：0
产生异常用例数量：0

